build/app/outputs/mapping/prodRelease/usage.txt
com.example.flutter_boiler.BuildConfig
com.example.flutter_boiler.R$attr
com.example.flutter_boiler.R$color
com.example.flutter_boiler.R$dimen
com.example.flutter_boiler.R$drawable
com.example.flutter_boiler.R$id
com.example.flutter_boiler.R$integer
com.example.flutter_boiler.R$layout
com.example.flutter_boiler.R$mipmap
com.example.flutter_boiler.R$string
com.example.flutter_boiler.R$style
com.example.flutter_boiler.R$styleable
com.example.flutter_boiler.R
...
com.google.common.util.concurrent.RateLimiter
com.google.common.util.concurrent.Runnables$1
com.google.common.util.concurrent.Runnables
com.google.common.util.concurrent.SequentialExecutor$1
com.google.common.util.concurrent.SequentialExecutor$QueueWorker
com.google.common.util.concurrent.SequentialExecutor$WorkerRunningState
com.google.common.util.concurrent.SequentialExecutor
com.google.common.util.concurrent.Service$1
com.google.common.util.concurrent.Service$Listener
com.google.common.util.concurrent.Service$State$1
com.google.common.util.concurrent.Service$State$2
com.google.common.util.concurrent.Service$State$3
com.google.common.util.concurrent.Service$State$4
com.google.common.util.concurrent.Service$State$5
com.google.common.util.concurrent.Service$State$6
com.google.common.util.concurrent.Service$State
com.google.common.util.concurrent.Service
com.google.common.util.concurrent.ServiceManager$1
com.google.common.util.concurrent.ServiceManager$2
com.google.common.util.concurrent.ServiceManager$EmptyServiceManagerWarning
com.google.common.util.concurrent.ServiceManager$Listener
com.google.common.util.concurrent.ServiceManager$NoOpService
com.google.common.util.concurrent.ServiceManager$ServiceListener
com.google.common.util.concurrent.ServiceManager$ServiceManagerState$1
com.google.common.util.concurrent.ServiceManager$ServiceManagerState$2
com.google.common.util.concurrent.ServiceManager$ServiceManagerState$AwaitHealthGuard
com.google.common.util.concurrent.ServiceManager$ServiceManagerState$StoppedGuard
com.google.common.util.concurrent.ServiceManager$ServiceManagerState
com.google.common.util.concurrent.ServiceManager
com.google.common.util.concurrent.SettableFuture
com.google.common.util.concurrent.SimpleTimeLimiter$1$1
com.google.common.util.concurrent.SimpleTimeLimiter$1
com.google.common.util.concurrent.SimpleTimeLimiter
com.google.common.util.concurrent.SmoothRateLimiter$1
com.google.common.util.concurrent.SmoothRateLimiter$SmoothBursty
com.google.common.util.concurrent.SmoothRateLimiter$SmoothWarmingUp
com.google.common.util.concurrent.SmoothRateLimiter
com.google.common.util.concurrent.Striped$1
com.google.common.util.concurrent.Striped$2
com.google.common.util.concurrent.Striped$3
com.google.common.util.concurrent.Striped$4
com.google.common.util.concurrent.Striped$5
com.google.common.util.concurrent.Striped$6
com.google.common.util.concurrent.Striped$CompactStriped
com.google.common.util.concurrent.Striped$LargeLazyStriped
com.google.common.util.concurrent.Striped$PaddedLock
com.google.common.util.concurrent.Striped$PaddedSemaphore
com.google.common.util.concurrent.Striped$PowerOfTwoStriped
com.google.common.util.concurrent.Striped$SmallLazyStriped$ArrayReference
com.google.common.util.concurrent.Striped$SmallLazyStriped
com.google.common.util.concurrent.Striped$WeakSafeCondition
com.google.common.util.concurrent.Striped$WeakSafeLock
com.google.common.util.concurrent.Striped$WeakSafeReadWriteLock
com.google.common.util.concurrent.Striped
com.google.common.util.concurrent.ThreadFactoryBuilder$1
com.google.common.util.concurrent.ThreadFactoryBuilder
com.google.common.util.concurrent.TimeLimiter
com.google.common.util.concurrent.TimeoutFuture$1
com.google.common.util.concurrent.TimeoutFuture$Fire
com.google.common.util.concurrent.TimeoutFuture$TimeoutFutureException
com.google.common.util.concurrent.TimeoutFuture
com.google.common.util.concurrent.TrustedListenableFutureTask$TrustedFutureInterruptibleAsyncTask
com.google.common.util.concurrent.TrustedListenableFutureTask$TrustedFutureInterruptibleTask
com.google.common.util.concurrent.TrustedListenableFutureTask
com.google.common.util.concurrent.UncaughtExceptionHandlers$Exiter
com.google.common.util.concurrent.UncaughtExceptionHandlers
com.google.common.util.concurrent.UncheckedExecutionException
com.google.common.util.concurrent.UncheckedTimeoutException
com.google.common.util.concurrent.Uninterruptibles